TagLib: Could not open file /home/hiroto/Music/Q-Project/Credit Crunch/01-02 Electric Lust Orchestra.mp3
TagLib: Could not open file /home/hiroto/Music/Rchetype/Theoretical Physics/01-01 Aero.mp3
TagLib: Could not open file /home/hiroto/Music/Rchetype/Theoretical Physics/01-03 Infinite.mp3
TagLib: Could not open file /home/hiroto/Music/El-B/The Specials Folder/01-01 N3.flac
TagLib: Could not open file /home/hiroto/Music/The Living End/State of Emergency/01-08 One Step Behind.mp3
TagLib: Could not open file /home/hiroto/Music/Big Stop/Dancing Feet/01-10 In a Dream.mp3
TagLib: Could not open file /home/hiroto/Music/Big Stop/Dancing Feet/01-10 In a Dream.mp3
TagLib: Could not open file /home/hiroto/Music/Disclosure/Settle/01-02 When a Fire Starts to Burn.mp3
TagLib: Could not open file /home/hiroto/Music/Daft Punk/Random Access Memories/01-03 Giorgio by Moroder.mp3
TagLib: Could not open file /home/hiroto/Music/Daft Punk/Random Access Memories/01-06 Lose Yourself to Dance.mp3
TagLib: Could not open file /home/hiroto/Music/Mistabishi/Drop/01-11 From Memory.mp3
TagLib: Could not open file /home/hiroto/Music/Murray Head/One Night in Bangkok/01-01 Bangkok _ One Night in Bangkok.mp3
TagLib: Could not open file /home/hiroto/Music/Kate Bush/50 Words for Snow/01-01 Snowflake.flac
TagLib: Could not open file /home/hiroto/Music/Near Miss/The Gentle Art of Making Enemies/01-14 Secret Track.mp3
TagLib: Could not open file /home/hiroto/Music/Near Miss/The Gentle Art of Making Enemies/01-14 Secret Track.mp3
TagLib: Could not open file /home/hiroto/Music/Near Miss/The Gentle Art of Making Enemies/01-01 This Bridge.mp3
TagLib: Could not open file /home/hiroto/Music/Nero/Crush on You/01-03 Crush on You (Brodinski remix).mp3
TagLib: Could not open file /home/hiroto/Music/Nero/Crush on You/01-04 Crush on You (KillSonik remix).mp3
TagLib: Could not open file /home/hiroto/Music/Nero/Crush on You/01-03 Crush on You (Brodinski remix).mp3
TagLib: Could not open file /home/hiroto/Music/Nero/Crush on You/01-03 Crush on You (Brodinski remix).mp3
TagLib: Could not open file /home/hiroto/Music/Nero/Crush on You/01-03 Crush on You (Brodinski remix).mp3
TagLib: Could not open file /home/hiroto/Music/Nero/Crush on You/01-03 Crush on You (Brodinski remix).mp3
TagLib: Could not open file /home/hiroto/Music/Nero/Crush on You/01-04 Crush on You (KillSonik remix).mp3
TagLib: Could not open file /home/hiroto/Music/Nero/Crush on You/01-04 Crush on You (KillSonik remix).mp3
TagLib: Could not open file /home/hiroto/Music/Nero/Crush on You/01-04 Crush on You (KillSonik remix).mp3
TagLib: Could not open file /home/hiroto/Music/Nero/Crush on You/01-03 Crush on You (Brodinski remix).1.mp3
TagLib: Could not open file /home/hiroto/Music/Nero/Crush on You/01-03 Crush on You (Brodinski remix).1.mp3
TagLib: Could not open file /home/hiroto/Music/Nero/Crush on You/01-03 Crush on You (Brodinski remix).mp3
